[26-Jan-2018 15:38:50 UTC] PHP Notice:  Tema sin sidebar.php ha quedado <strong>obsoleto</strong> desde la versión 3.0.0 y no hay alternativas disponibles. Por favor, incluye una plantilla sidebar.php en tu tema. in /var/www/html/PruebaUpsocl/wp-includes/functions.php on line 3970
[26-Jan-2018 15:52:11 UTC] PHP Notice:  Tema sin sidebar.php ha quedado <strong>obsoleto</strong> desde la versión 3.0.0 y no hay alternativas disponibles. Por favor, incluye una plantilla sidebar.php en tu tema. in /var/www/html/PruebaUpsocl/wp-includes/functions.php on line 3970
[26-Jan-2018 15:52:11 UTC] PHP Notice:  Tema sin footer.php ha quedado <strong>obsoleto</strong> desde la versión 3.0.0 y no hay alternativas disponibles. Por favor, incluye una plantilla footer.php en tu tema. in /var/www/html/PruebaUpsocl/wp-includes/functions.php on line 3970
[26-Jan-2018 15:52:42 UTC] PHP Notice:  Tema sin sidebar.php ha quedado <strong>obsoleto</strong> desde la versión 3.0.0 y no hay alternativas disponibles. Por favor, incluye una plantilla sidebar.php en tu tema. in /var/www/html/PruebaUpsocl/wp-includes/functions.php on line 3970
[26-Jan-2018 15:52:42 UTC] PHP Notice:  Tema sin footer.php ha quedado <strong>obsoleto</strong> desde la versión 3.0.0 y no hay alternativas disponibles. Por favor, incluye una plantilla footer.php en tu tema. in /var/www/html/PruebaUpsocl/wp-includes/functions.php on line 3970
[26-Jan-2018 16:15:47 UTC] PHP Fatal error:  Uncaught Error: Call to undefined function get_labs() in /var/www/html/PruebaUpsocl/wp-content/themes/prueba/header.php:30
Stack trace:
#0 /var/www/html/PruebaUpsocl/wp-includes/template.php(688): require_once()
#1 /var/www/html/PruebaUpsocl/wp-includes/template.php(647): load_template('/var/www/html/P...', true)
#2 /var/www/html/PruebaUpsocl/wp-includes/general-template.php(41): locate_template(Array, true)
#3 /var/www/html/PruebaUpsocl/wp-content/themes/prueba/index.php(1): get_header()
#4 /var/www/html/PruebaUpsocl/wp-includes/template-loader.php(74): include('/var/www/html/P...')
#5 /var/www/html/PruebaUpsocl/wp-blog-header.php(19): require_once('/var/www/html/P...')
#6 /var/www/html/PruebaUpsocl/index.php(17): require('/var/www/html/P...')
#7 {main}
  thrown in /var/www/html/PruebaUpsocl/wp-content/themes/prueba/header.php on line 30
[26-Jan-2018 16:16:40 UTC] PHP Fatal error:  Uncaught Error: Call to undefined function get_labs() in /var/www/html/PruebaUpsocl/wp-content/themes/prueba/header.php:30
Stack trace:
#0 /var/www/html/PruebaUpsocl/wp-includes/template.php(688): require_once()
#1 /var/www/html/PruebaUpsocl/wp-includes/template.php(647): load_template('/var/www/html/P...', true)
#2 /var/www/html/PruebaUpsocl/wp-includes/general-template.php(41): locate_template(Array, true)
#3 /var/www/html/PruebaUpsocl/wp-content/themes/prueba/index.php(1): get_header()
#4 /var/www/html/PruebaUpsocl/wp-includes/template-loader.php(74): include('/var/www/html/P...')
#5 /var/www/html/PruebaUpsocl/wp-blog-header.php(19): require_once('/var/www/html/P...')
#6 /var/www/html/PruebaUpsocl/index.php(17): require('/var/www/html/P...')
#7 {main}
  thrown in /var/www/html/PruebaUpsocl/wp-content/themes/prueba/header.php on line 30
[26-Jan-2018 16:17:31 UTC] PHP Fatal error:  Uncaught Error: Call to undefined function get_labs() in /var/www/html/PruebaUpsocl/wp-content/themes/prueba/header.php:30
Stack trace:
#0 /var/www/html/PruebaUpsocl/wp-includes/template.php(688): require_once()
#1 /var/www/html/PruebaUpsocl/wp-includes/template.php(647): load_template('/var/www/html/P...', true)
#2 /var/www/html/PruebaUpsocl/wp-includes/general-template.php(41): locate_template(Array, true)
#3 /var/www/html/PruebaUpsocl/wp-content/themes/prueba/index.php(1): get_header()
#4 /var/www/html/PruebaUpsocl/wp-includes/template-loader.php(74): include('/var/www/html/P...')
#5 /var/www/html/PruebaUpsocl/wp-blog-header.php(19): require_once('/var/www/html/P...')
#6 /var/www/html/PruebaUpsocl/index.php(17): require('/var/www/html/P...')
#7 {main}
  thrown in /var/www/html/PruebaUpsocl/wp-content/themes/prueba/header.php on line 30
[26-Jan-2018 16:20:22 UTC] PHP Fatal error:  Uncaught Error: Call to undefined function get_labs() in /var/www/html/PruebaUpsocl/wp-content/themes/prueba/header.php:30
Stack trace:
#0 /var/www/html/PruebaUpsocl/wp-includes/template.php(688): require_once()
#1 /var/www/html/PruebaUpsocl/wp-includes/template.php(647): load_template('/var/www/html/P...', true)
#2 /var/www/html/PruebaUpsocl/wp-includes/general-template.php(41): locate_template(Array, true)
#3 /var/www/html/PruebaUpsocl/wp-content/themes/prueba/index.php(1): get_header()
#4 /var/www/html/PruebaUpsocl/wp-includes/template-loader.php(74): include('/var/www/html/P...')
#5 /var/www/html/PruebaUpsocl/wp-blog-header.php(19): require_once('/var/www/html/P...')
#6 /var/www/html/PruebaUpsocl/index.php(17): require('/var/www/html/P...')
#7 {main}
  thrown in /var/www/html/PruebaUpsocl/wp-content/themes/prueba/header.php on line 30
[26-Jan-2018 16:28:04 UTC] PHP Warning:  include(../labs.php): failed to open stream: No such file or directory in /var/www/html/PruebaUpsocl/wp-content/themes/prueba/header.php on line 30
[26-Jan-2018 16:28:04 UTC] PHP Warning:  include(): Failed opening '../labs.php' for inclusion (include_path='.:/usr/share/php') in /var/www/html/PruebaUpsocl/wp-content/themes/prueba/header.php on line 30
[26-Jan-2018 16:28:42 UTC] PHP Fatal error:  Uncaught Error: Call to undefined function wp_labs() in /var/www/html/PruebaUpsocl/wp-content/themes/prueba/labs.php:12
Stack trace:
#0 /var/www/html/PruebaUpsocl/wp-content/themes/prueba/header.php(30): include()
#1 /var/www/html/PruebaUpsocl/wp-includes/template.php(688): require_once('/var/www/html/P...')
#2 /var/www/html/PruebaUpsocl/wp-includes/template.php(647): load_template('/var/www/html/P...', true)
#3 /var/www/html/PruebaUpsocl/wp-includes/general-template.php(41): locate_template(Array, true)
#4 /var/www/html/PruebaUpsocl/wp-content/themes/prueba/index.php(1): get_header()
#5 /var/www/html/PruebaUpsocl/wp-includes/template-loader.php(74): include('/var/www/html/P...')
#6 /var/www/html/PruebaUpsocl/wp-blog-header.php(19): require_once('/var/www/html/P...')
#7 /var/www/html/PruebaUpsocl/index.php(17): require('/var/www/html/P...')
#8 {main}
  thrown in /var/www/html/PruebaUpsocl/wp-content/themes/prueba/labs.php on line 12
[29-Jan-2018 15:21:26 UTC] PHP Notice:  Undefined index: thumbnail_url in /var/www/html/PruebaUpsocl/wp-admin/custom-header.php on line 249
[29-Jan-2018 15:21:31 UTC] PHP Notice:  Undefined property: stdClass::$thumbnail_url in /var/www/html/PruebaUpsocl/wp-includes/theme.php on line 1132
[29-Jan-2018 15:22:28 UTC] PHP Notice:  Undefined property: stdClass::$thumbnail_url in /var/www/html/PruebaUpsocl/wp-includes/theme.php on line 1132
[29-Jan-2018 16:28:08 UTC] PHP Fatal error:  Uncaught Error: Call to undefined function prueba_is_frontpage() in /var/www/html/PruebaUpsocl/wp-content/themes/prueba/template-parts/header/site-branding.php:33
Stack trace:
#0 /var/www/html/PruebaUpsocl/wp-includes/template.php(690): require()
#1 /var/www/html/PruebaUpsocl/wp-includes/template.php(647): load_template('/var/www/html/P...', false)
#2 /var/www/html/PruebaUpsocl/wp-includes/general-template.php(155): locate_template(Array, true, false)
#3 /var/www/html/PruebaUpsocl/wp-content/themes/prueba/template-parts/header/header-image.php(18): get_template_part('template-parts/...', 'branding')
#4 /var/www/html/PruebaUpsocl/wp-includes/template.php(690): require('/var/www/html/P...')
#5 /var/www/html/PruebaUpsocl/wp-includes/template.php(647): load_template('/var/www/html/P...', false)
#6 /var/www/html/PruebaUpsocl/wp-includes/general-template.php(155): locate_template(Array, true, false)
#7 /var/www/html/PruebaUpsocl/wp-content/themes/prueba/header.php(23): get_template_part('template-parts/...', 'image in /var/www/html/PruebaUpsocl/wp-content/themes/prueba/template-parts/header/site-branding.php on line 33
[29-Jan-2018 16:33:17 UTC] PHP Fatal error:  Uncaught Error: Call to undefined function prueba_is_frontpage() in /var/www/html/PruebaUpsocl/wp-content/themes/prueba/template-parts/header/site-branding.php:33
Stack trace:
#0 /var/www/html/PruebaUpsocl/wp-includes/template.php(690): require()
#1 /var/www/html/PruebaUpsocl/wp-includes/template.php(647): load_template('/var/www/html/P...', false)
#2 /var/www/html/PruebaUpsocl/wp-includes/general-template.php(155): locate_template(Array, true, false)
#3 /var/www/html/PruebaUpsocl/wp-content/themes/prueba/template-parts/header/header-image.php(18): get_template_part('template-parts/...', 'branding')
#4 /var/www/html/PruebaUpsocl/wp-includes/template.php(690): require('/var/www/html/P...')
#5 /var/www/html/PruebaUpsocl/wp-includes/template.php(647): load_template('/var/www/html/P...', false)
#6 /var/www/html/PruebaUpsocl/wp-includes/general-template.php(155): locate_template(Array, true, false)
#7 /var/www/html/PruebaUpsocl/wp-content/themes/prueba/header.php(23): get_template_part('template-parts/...', 'image in /var/www/html/PruebaUpsocl/wp-content/themes/prueba/template-parts/header/site-branding.php on line 33
[29-Jan-2018 16:34:44 UTC] PHP Fatal error:  Uncaught Error: Call to undefined function prueba_is_frontpage() in /var/www/html/PruebaUpsocl/wp-content/themes/prueba/template-parts/header/site-branding.php:33
Stack trace:
#0 /var/www/html/PruebaUpsocl/wp-includes/template.php(690): require()
#1 /var/www/html/PruebaUpsocl/wp-includes/template.php(647): load_template('/var/www/html/P...', false)
#2 /var/www/html/PruebaUpsocl/wp-includes/general-template.php(155): locate_template(Array, true, false)
#3 /var/www/html/PruebaUpsocl/wp-content/themes/prueba/template-parts/header/header-image.php(18): get_template_part('template-parts/...', 'branding')
#4 /var/www/html/PruebaUpsocl/wp-includes/template.php(690): require('/var/www/html/P...')
#5 /var/www/html/PruebaUpsocl/wp-includes/template.php(647): load_template('/var/www/html/P...', false)
#6 /var/www/html/PruebaUpsocl/wp-includes/general-template.php(155): locate_template(Array, true, false)
#7 /var/www/html/PruebaUpsocl/wp-content/themes/prueba/header.php(23): get_template_part('template-parts/...', 'image in /var/www/html/PruebaUpsocl/wp-content/themes/prueba/template-parts/header/site-branding.php on line 33
[29-Jan-2018 16:37:07 UTC] PHP Fatal error:  Uncaught Error: Call to undefined function prueba_is_frontpage() in /var/www/html/PruebaUpsocl/wp-content/themes/prueba/template-parts/header/site-branding.php:33
Stack trace:
#0 /var/www/html/PruebaUpsocl/wp-includes/template.php(690): require()
#1 /var/www/html/PruebaUpsocl/wp-includes/template.php(647): load_template('/var/www/html/P...', false)
#2 /var/www/html/PruebaUpsocl/wp-includes/general-template.php(155): locate_template(Array, true, false)
#3 /var/www/html/PruebaUpsocl/wp-content/themes/prueba/template-parts/header/header-image.php(18): get_template_part('template-parts/...', 'branding')
#4 /var/www/html/PruebaUpsocl/wp-includes/template.php(690): require('/var/www/html/P...')
#5 /var/www/html/PruebaUpsocl/wp-includes/template.php(647): load_template('/var/www/html/P...', false)
#6 /var/www/html/PruebaUpsocl/wp-includes/general-template.php(155): locate_template(Array, true, false)
#7 /var/www/html/PruebaUpsocl/wp-content/themes/prueba/header.php(23): get_template_part('template-parts/...', 'image in /var/www/html/PruebaUpsocl/wp-content/themes/prueba/template-parts/header/site-branding.php on line 33
[29-Jan-2018 16:37:19 UTC] PHP Fatal error:  Uncaught Error: Call to undefined function prueba_is_frontpage() in /var/www/html/PruebaUpsocl/wp-content/themes/prueba/template-parts/header/site-branding.php:33
Stack trace:
#0 /var/www/html/PruebaUpsocl/wp-includes/template.php(690): require()
#1 /var/www/html/PruebaUpsocl/wp-includes/template.php(647): load_template('/var/www/html/P...', false)
#2 /var/www/html/PruebaUpsocl/wp-includes/general-template.php(155): locate_template(Array, true, false)
#3 /var/www/html/PruebaUpsocl/wp-content/themes/prueba/template-parts/header/header-image.php(18): get_template_part('template-parts/...', 'branding')
#4 /var/www/html/PruebaUpsocl/wp-includes/template.php(690): require('/var/www/html/P...')
#5 /var/www/html/PruebaUpsocl/wp-includes/template.php(647): load_template('/var/www/html/P...', false)
#6 /var/www/html/PruebaUpsocl/wp-includes/general-template.php(155): locate_template(Array, true, false)
#7 /var/www/html/PruebaUpsocl/wp-content/themes/prueba/header.php(23): get_template_part('template-parts/...', 'image in /var/www/html/PruebaUpsocl/wp-content/themes/prueba/template-parts/header/site-branding.php on line 33
[29-Jan-2018 16:40:43 UTC] PHP Fatal error:  Uncaught Error: Call to undefined function prueba_is_frontpage() in /var/www/html/PruebaUpsocl/wp-content/themes/prueba/template-parts/header/site-branding.php:33
Stack trace:
#0 /var/www/html/PruebaUpsocl/wp-includes/template.php(690): require()
#1 /var/www/html/PruebaUpsocl/wp-includes/template.php(647): load_template('/var/www/html/P...', false)
#2 /var/www/html/PruebaUpsocl/wp-includes/general-template.php(155): locate_template(Array, true, false)
#3 /var/www/html/PruebaUpsocl/wp-content/themes/prueba/template-parts/header/header-image.php(18): get_template_part('template-parts/...', 'branding')
#4 /var/www/html/PruebaUpsocl/wp-includes/template.php(690): require('/var/www/html/P...')
#5 /var/www/html/PruebaUpsocl/wp-includes/template.php(647): load_template('/var/www/html/P...', false)
#6 /var/www/html/PruebaUpsocl/wp-includes/general-template.php(155): locate_template(Array, true, false)
#7 /var/www/html/PruebaUpsocl/wp-content/themes/prueba/header.php(23): get_template_part('template-parts/...', 'image in /var/www/html/PruebaUpsocl/wp-content/themes/prueba/template-parts/header/site-branding.php on line 33
[29-Jan-2018 16:46:50 UTC] PHP Fatal error:  Uncaught Error: Call to undefined function prueba_is_frontpage() in /var/www/html/PruebaUpsocl/wp-content/themes/prueba/template-parts/header/site-branding.php:33
Stack trace:
#0 /var/www/html/PruebaUpsocl/wp-includes/template.php(690): require()
#1 /var/www/html/PruebaUpsocl/wp-includes/template.php(647): load_template('/var/www/html/P...', false)
#2 /var/www/html/PruebaUpsocl/wp-includes/general-template.php(155): locate_template(Array, true, false)
#3 /var/www/html/PruebaUpsocl/wp-content/themes/prueba/template-parts/header/header-image.php(18): get_template_part('template-parts/...', 'branding')
#4 /var/www/html/PruebaUpsocl/wp-includes/template.php(690): require('/var/www/html/P...')
#5 /var/www/html/PruebaUpsocl/wp-includes/template.php(647): load_template('/var/www/html/P...', false)
#6 /var/www/html/PruebaUpsocl/wp-includes/general-template.php(155): locate_template(Array, true, false)
#7 /var/www/html/PruebaUpsocl/wp-content/themes/prueba/header.php(23): get_template_part('template-parts/...', 'image in /var/www/html/PruebaUpsocl/wp-content/themes/prueba/template-parts/header/site-branding.php on line 33
[29-Jan-2018 16:47:46 UTC] PHP Fatal error:  Uncaught Error: Call to undefined function prueba_is_frontpage() in /var/www/html/PruebaUpsocl/wp-content/themes/prueba/template-parts/header/site-branding.php:33
Stack trace:
#0 /var/www/html/PruebaUpsocl/wp-includes/template.php(690): require()
#1 /var/www/html/PruebaUpsocl/wp-includes/template.php(647): load_template('/var/www/html/P...', false)
#2 /var/www/html/PruebaUpsocl/wp-includes/general-template.php(155): locate_template(Array, true, false)
#3 /var/www/html/PruebaUpsocl/wp-content/themes/prueba/template-parts/header/header-image.php(18): get_template_part('template-parts/...', 'branding')
#4 /var/www/html/PruebaUpsocl/wp-includes/template.php(690): require('/var/www/html/P...')
#5 /var/www/html/PruebaUpsocl/wp-includes/template.php(647): load_template('/var/www/html/P...', false)
#6 /var/www/html/PruebaUpsocl/wp-includes/general-template.php(155): locate_template(Array, true, false)
#7 /var/www/html/PruebaUpsocl/wp-content/themes/prueba/header.php(23): get_template_part('template-parts/...', 'image in /var/www/html/PruebaUpsocl/wp-content/themes/prueba/template-parts/header/site-branding.php on line 33
[29-Jan-2018 16:47:47 UTC] PHP Fatal error:  Uncaught Error: Call to undefined function prueba_is_frontpage() in /var/www/html/PruebaUpsocl/wp-content/themes/prueba/template-parts/header/site-branding.php:33
Stack trace:
#0 /var/www/html/PruebaUpsocl/wp-includes/template.php(690): require()
#1 /var/www/html/PruebaUpsocl/wp-includes/template.php(647): load_template('/var/www/html/P...', false)
#2 /var/www/html/PruebaUpsocl/wp-includes/general-template.php(155): locate_template(Array, true, false)
#3 /var/www/html/PruebaUpsocl/wp-content/themes/prueba/template-parts/header/header-image.php(18): get_template_part('template-parts/...', 'branding')
#4 /var/www/html/PruebaUpsocl/wp-includes/template.php(690): require('/var/www/html/P...')
#5 /var/www/html/PruebaUpsocl/wp-includes/template.php(647): load_template('/var/www/html/P...', false)
#6 /var/www/html/PruebaUpsocl/wp-includes/general-template.php(155): locate_template(Array, true, false)
#7 /var/www/html/PruebaUpsocl/wp-content/themes/prueba/header.php(23): get_template_part('template-parts/...', 'image in /var/www/html/PruebaUpsocl/wp-content/themes/prueba/template-parts/header/site-branding.php on line 33
[29-Jan-2018 16:47:47 UTC] PHP Fatal error:  Uncaught Error: Call to undefined function prueba_is_frontpage() in /var/www/html/PruebaUpsocl/wp-content/themes/prueba/template-parts/header/site-branding.php:33
Stack trace:
#0 /var/www/html/PruebaUpsocl/wp-includes/template.php(690): require()
#1 /var/www/html/PruebaUpsocl/wp-includes/template.php(647): load_template('/var/www/html/P...', false)
#2 /var/www/html/PruebaUpsocl/wp-includes/general-template.php(155): locate_template(Array, true, false)
#3 /var/www/html/PruebaUpsocl/wp-content/themes/prueba/template-parts/header/header-image.php(18): get_template_part('template-parts/...', 'branding')
#4 /var/www/html/PruebaUpsocl/wp-includes/template.php(690): require('/var/www/html/P...')
#5 /var/www/html/PruebaUpsocl/wp-includes/template.php(647): load_template('/var/www/html/P...', false)
#6 /var/www/html/PruebaUpsocl/wp-includes/general-template.php(155): locate_template(Array, true, false)
#7 /var/www/html/PruebaUpsocl/wp-content/themes/prueba/header.php(23): get_template_part('template-parts/...', 'image in /var/www/html/PruebaUpsocl/wp-content/themes/prueba/template-parts/header/site-branding.php on line 33
[29-Jan-2018 16:47:48 UTC] PHP Fatal error:  Uncaught Error: Call to undefined function prueba_is_frontpage() in /var/www/html/PruebaUpsocl/wp-content/themes/prueba/template-parts/header/site-branding.php:33
Stack trace:
#0 /var/www/html/PruebaUpsocl/wp-includes/template.php(690): require()
#1 /var/www/html/PruebaUpsocl/wp-includes/template.php(647): load_template('/var/www/html/P...', false)
#2 /var/www/html/PruebaUpsocl/wp-includes/general-template.php(155): locate_template(Array, true, false)
#3 /var/www/html/PruebaUpsocl/wp-content/themes/prueba/template-parts/header/header-image.php(18): get_template_part('template-parts/...', 'branding')
#4 /var/www/html/PruebaUpsocl/wp-includes/template.php(690): require('/var/www/html/P...')
#5 /var/www/html/PruebaUpsocl/wp-includes/template.php(647): load_template('/var/www/html/P...', false)
#6 /var/www/html/PruebaUpsocl/wp-includes/general-template.php(155): locate_template(Array, true, false)
#7 /var/www/html/PruebaUpsocl/wp-content/themes/prueba/header.php(23): get_template_part('template-parts/...', 'image in /var/www/html/PruebaUpsocl/wp-content/themes/prueba/template-parts/header/site-branding.php on line 33
[29-Jan-2018 16:47:48 UTC] PHP Fatal error:  Uncaught Error: Call to undefined function prueba_is_frontpage() in /var/www/html/PruebaUpsocl/wp-content/themes/prueba/template-parts/header/site-branding.php:33
Stack trace:
#0 /var/www/html/PruebaUpsocl/wp-includes/template.php(690): require()
#1 /var/www/html/PruebaUpsocl/wp-includes/template.php(647): load_template('/var/www/html/P...', false)
#2 /var/www/html/PruebaUpsocl/wp-includes/general-template.php(155): locate_template(Array, true, false)
#3 /var/www/html/PruebaUpsocl/wp-content/themes/prueba/template-parts/header/header-image.php(18): get_template_part('template-parts/...', 'branding')
#4 /var/www/html/PruebaUpsocl/wp-includes/template.php(690): require('/var/www/html/P...')
#5 /var/www/html/PruebaUpsocl/wp-includes/template.php(647): load_template('/var/www/html/P...', false)
#6 /var/www/html/PruebaUpsocl/wp-includes/general-template.php(155): locate_template(Array, true, false)
#7 /var/www/html/PruebaUpsocl/wp-content/themes/prueba/header.php(23): get_template_part('template-parts/...', 'image in /var/www/html/PruebaUpsocl/wp-content/themes/prueba/template-parts/header/site-branding.php on line 33
[29-Jan-2018 16:47:48 UTC] PHP Fatal error:  Uncaught Error: Call to undefined function prueba_is_frontpage() in /var/www/html/PruebaUpsocl/wp-content/themes/prueba/template-parts/header/site-branding.php:33
Stack trace:
#0 /var/www/html/PruebaUpsocl/wp-includes/template.php(690): require()
#1 /var/www/html/PruebaUpsocl/wp-includes/template.php(647): load_template('/var/www/html/P...', false)
#2 /var/www/html/PruebaUpsocl/wp-includes/general-template.php(155): locate_template(Array, true, false)
#3 /var/www/html/PruebaUpsocl/wp-content/themes/prueba/template-parts/header/header-image.php(18): get_template_part('template-parts/...', 'branding')
#4 /var/www/html/PruebaUpsocl/wp-includes/template.php(690): require('/var/www/html/P...')
#5 /var/www/html/PruebaUpsocl/wp-includes/template.php(647): load_template('/var/www/html/P...', false)
#6 /var/www/html/PruebaUpsocl/wp-includes/general-template.php(155): locate_template(Array, true, false)
#7 /var/www/html/PruebaUpsocl/wp-content/themes/prueba/header.php(23): get_template_part('template-parts/...', 'image in /var/www/html/PruebaUpsocl/wp-content/themes/prueba/template-parts/header/site-branding.php on line 33
[29-Jan-2018 16:47:49 UTC] PHP Fatal error:  Uncaught Error: Call to undefined function prueba_is_frontpage() in /var/www/html/PruebaUpsocl/wp-content/themes/prueba/template-parts/header/site-branding.php:33
Stack trace:
#0 /var/www/html/PruebaUpsocl/wp-includes/template.php(690): require()
#1 /var/www/html/PruebaUpsocl/wp-includes/template.php(647): load_template('/var/www/html/P...', false)
#2 /var/www/html/PruebaUpsocl/wp-includes/general-template.php(155): locate_template(Array, true, false)
#3 /var/www/html/PruebaUpsocl/wp-content/themes/prueba/template-parts/header/header-image.php(18): get_template_part('template-parts/...', 'branding')
#4 /var/www/html/PruebaUpsocl/wp-includes/template.php(690): require('/var/www/html/P...')
#5 /var/www/html/PruebaUpsocl/wp-includes/template.php(647): load_template('/var/www/html/P...', false)
#6 /var/www/html/PruebaUpsocl/wp-includes/general-template.php(155): locate_template(Array, true, false)
#7 /var/www/html/PruebaUpsocl/wp-content/themes/prueba/header.php(23): get_template_part('template-parts/...', 'image in /var/www/html/PruebaUpsocl/wp-content/themes/prueba/template-parts/header/site-branding.php on line 33
[29-Jan-2018 16:47:49 UTC] PHP Fatal error:  Uncaught Error: Call to undefined function prueba_is_frontpage() in /var/www/html/PruebaUpsocl/wp-content/themes/prueba/template-parts/header/site-branding.php:33
Stack trace:
#0 /var/www/html/PruebaUpsocl/wp-includes/template.php(690): require()
#1 /var/www/html/PruebaUpsocl/wp-includes/template.php(647): load_template('/var/www/html/P...', false)
#2 /var/www/html/PruebaUpsocl/wp-includes/general-template.php(155): locate_template(Array, true, false)
#3 /var/www/html/PruebaUpsocl/wp-content/themes/prueba/template-parts/header/header-image.php(18): get_template_part('template-parts/...', 'branding')
#4 /var/www/html/PruebaUpsocl/wp-includes/template.php(690): require('/var/www/html/P...')
#5 /var/www/html/PruebaUpsocl/wp-includes/template.php(647): load_template('/var/www/html/P...', false)
#6 /var/www/html/PruebaUpsocl/wp-includes/general-template.php(155): locate_template(Array, true, false)
#7 /var/www/html/PruebaUpsocl/wp-content/themes/prueba/header.php(23): get_template_part('template-parts/...', 'image in /var/www/html/PruebaUpsocl/wp-content/themes/prueba/template-parts/header/site-branding.php on line 33
[29-Jan-2018 16:47:50 UTC] PHP Fatal error:  Uncaught Error: Call to undefined function prueba_is_frontpage() in /var/www/html/PruebaUpsocl/wp-content/themes/prueba/template-parts/header/site-branding.php:33
Stack trace:
#0 /var/www/html/PruebaUpsocl/wp-includes/template.php(690): require()
#1 /var/www/html/PruebaUpsocl/wp-includes/template.php(647): load_template('/var/www/html/P...', false)
#2 /var/www/html/PruebaUpsocl/wp-includes/general-template.php(155): locate_template(Array, true, false)
#3 /var/www/html/PruebaUpsocl/wp-content/themes/prueba/template-parts/header/header-image.php(18): get_template_part('template-parts/...', 'branding')
#4 /var/www/html/PruebaUpsocl/wp-includes/template.php(690): require('/var/www/html/P...')
#5 /var/www/html/PruebaUpsocl/wp-includes/template.php(647): load_template('/var/www/html/P...', false)
#6 /var/www/html/PruebaUpsocl/wp-includes/general-template.php(155): locate_template(Array, true, false)
#7 /var/www/html/PruebaUpsocl/wp-content/themes/prueba/header.php(23): get_template_part('template-parts/...', 'image in /var/www/html/PruebaUpsocl/wp-content/themes/prueba/template-parts/header/site-branding.php on line 33
[29-Jan-2018 16:47:50 UTC] PHP Fatal error:  Uncaught Error: Call to undefined function prueba_is_frontpage() in /var/www/html/PruebaUpsocl/wp-content/themes/prueba/template-parts/header/site-branding.php:33
Stack trace:
#0 /var/www/html/PruebaUpsocl/wp-includes/template.php(690): require()
#1 /var/www/html/PruebaUpsocl/wp-includes/template.php(647): load_template('/var/www/html/P...', false)
#2 /var/www/html/PruebaUpsocl/wp-includes/general-template.php(155): locate_template(Array, true, false)
#3 /var/www/html/PruebaUpsocl/wp-content/themes/prueba/template-parts/header/header-image.php(18): get_template_part('template-parts/...', 'branding')
#4 /var/www/html/PruebaUpsocl/wp-includes/template.php(690): require('/var/www/html/P...')
#5 /var/www/html/PruebaUpsocl/wp-includes/template.php(647): load_template('/var/www/html/P...', false)
#6 /var/www/html/PruebaUpsocl/wp-includes/general-template.php(155): locate_template(Array, true, false)
#7 /var/www/html/PruebaUpsocl/wp-content/themes/prueba/header.php(23): get_template_part('template-parts/...', 'image in /var/www/html/PruebaUpsocl/wp-content/themes/prueba/template-parts/header/site-branding.php on line 33
[29-Jan-2018 16:47:50 UTC] PHP Fatal error:  Uncaught Error: Call to undefined function prueba_is_frontpage() in /var/www/html/PruebaUpsocl/wp-content/themes/prueba/template-parts/header/site-branding.php:33
Stack trace:
#0 /var/www/html/PruebaUpsocl/wp-includes/template.php(690): require()
#1 /var/www/html/PruebaUpsocl/wp-includes/template.php(647): load_template('/var/www/html/P...', false)
#2 /var/www/html/PruebaUpsocl/wp-includes/general-template.php(155): locate_template(Array, true, false)
#3 /var/www/html/PruebaUpsocl/wp-content/themes/prueba/template-parts/header/header-image.php(18): get_template_part('template-parts/...', 'branding')
#4 /var/www/html/PruebaUpsocl/wp-includes/template.php(690): require('/var/www/html/P...')
#5 /var/www/html/PruebaUpsocl/wp-includes/template.php(647): load_template('/var/www/html/P...', false)
#6 /var/www/html/PruebaUpsocl/wp-includes/general-template.php(155): locate_template(Array, true, false)
#7 /var/www/html/PruebaUpsocl/wp-content/themes/prueba/header.php(23): get_template_part('template-parts/...', 'image in /var/www/html/PruebaUpsocl/wp-content/themes/prueba/template-parts/header/site-branding.php on line 33
[29-Jan-2018 16:47:51 UTC] PHP Fatal error:  Uncaught Error: Call to undefined function prueba_is_frontpage() in /var/www/html/PruebaUpsocl/wp-content/themes/prueba/template-parts/header/site-branding.php:33
Stack trace:
#0 /var/www/html/PruebaUpsocl/wp-includes/template.php(690): require()
#1 /var/www/html/PruebaUpsocl/wp-includes/template.php(647): load_template('/var/www/html/P...', false)
#2 /var/www/html/PruebaUpsocl/wp-includes/general-template.php(155): locate_template(Array, true, false)
#3 /var/www/html/PruebaUpsocl/wp-content/themes/prueba/template-parts/header/header-image.php(18): get_template_part('template-parts/...', 'branding')
#4 /var/www/html/PruebaUpsocl/wp-includes/template.php(690): require('/var/www/html/P...')
#5 /var/www/html/PruebaUpsocl/wp-includes/template.php(647): load_template('/var/www/html/P...', false)
#6 /var/www/html/PruebaUpsocl/wp-includes/general-template.php(155): locate_template(Array, true, false)
#7 /var/www/html/PruebaUpsocl/wp-content/themes/prueba/header.php(23): get_template_part('template-parts/...', 'image in /var/www/html/PruebaUpsocl/wp-content/themes/prueba/template-parts/header/site-branding.php on line 33
[29-Jan-2018 16:47:51 UTC] PHP Fatal error:  Uncaught Error: Call to undefined function prueba_is_frontpage() in /var/www/html/PruebaUpsocl/wp-content/themes/prueba/template-parts/header/site-branding.php:33
Stack trace:
#0 /var/www/html/PruebaUpsocl/wp-includes/template.php(690): require()
#1 /var/www/html/PruebaUpsocl/wp-includes/template.php(647): load_template('/var/www/html/P...', false)
#2 /var/www/html/PruebaUpsocl/wp-includes/general-template.php(155): locate_template(Array, true, false)
#3 /var/www/html/PruebaUpsocl/wp-content/themes/prueba/template-parts/header/header-image.php(18): get_template_part('template-parts/...', 'branding')
#4 /var/www/html/PruebaUpsocl/wp-includes/template.php(690): require('/var/www/html/P...')
#5 /var/www/html/PruebaUpsocl/wp-includes/template.php(647): load_template('/var/www/html/P...', false)
#6 /var/www/html/PruebaUpsocl/wp-includes/general-template.php(155): locate_template(Array, true, false)
#7 /var/www/html/PruebaUpsocl/wp-content/themes/prueba/header.php(23): get_template_part('template-parts/...', 'image in /var/www/html/PruebaUpsocl/wp-content/themes/prueba/template-parts/header/site-branding.php on line 33
[29-Jan-2018 16:47:52 UTC] PHP Fatal error:  Uncaught Error: Call to undefined function prueba_is_frontpage() in /var/www/html/PruebaUpsocl/wp-content/themes/prueba/template-parts/header/site-branding.php:33
Stack trace:
#0 /var/www/html/PruebaUpsocl/wp-includes/template.php(690): require()
#1 /var/www/html/PruebaUpsocl/wp-includes/template.php(647): load_template('/var/www/html/P...', false)
#2 /var/www/html/PruebaUpsocl/wp-includes/general-template.php(155): locate_template(Array, true, false)
#3 /var/www/html/PruebaUpsocl/wp-content/themes/prueba/template-parts/header/header-image.php(18): get_template_part('template-parts/...', 'branding')
#4 /var/www/html/PruebaUpsocl/wp-includes/template.php(690): require('/var/www/html/P...')
#5 /var/www/html/PruebaUpsocl/wp-includes/template.php(647): load_template('/var/www/html/P...', false)
#6 /var/www/html/PruebaUpsocl/wp-includes/general-template.php(155): locate_template(Array, true, false)
#7 /var/www/html/PruebaUpsocl/wp-content/themes/prueba/header.php(23): get_template_part('template-parts/...', 'image in /var/www/html/PruebaUpsocl/wp-content/themes/prueba/template-parts/header/site-branding.php on line 33
[29-Jan-2018 16:47:52 UTC] PHP Fatal error:  Uncaught Error: Call to undefined function prueba_is_frontpage() in /var/www/html/PruebaUpsocl/wp-content/themes/prueba/template-parts/header/site-branding.php:33
Stack trace:
#0 /var/www/html/PruebaUpsocl/wp-includes/template.php(690): require()
#1 /var/www/html/PruebaUpsocl/wp-includes/template.php(647): load_template('/var/www/html/P...', false)
#2 /var/www/html/PruebaUpsocl/wp-includes/general-template.php(155): locate_template(Array, true, false)
#3 /var/www/html/PruebaUpsocl/wp-content/themes/prueba/template-parts/header/header-image.php(18): get_template_part('template-parts/...', 'branding')
#4 /var/www/html/PruebaUpsocl/wp-includes/template.php(690): require('/var/www/html/P...')
#5 /var/www/html/PruebaUpsocl/wp-includes/template.php(647): load_template('/var/www/html/P...', false)
#6 /var/www/html/PruebaUpsocl/wp-includes/general-template.php(155): locate_template(Array, true, false)
#7 /var/www/html/PruebaUpsocl/wp-content/themes/prueba/header.php(23): get_template_part('template-parts/...', 'image in /var/www/html/PruebaUpsocl/wp-content/themes/prueba/template-parts/header/site-branding.php on line 33
[29-Jan-2018 16:47:52 UTC] PHP Fatal error:  Uncaught Error: Call to undefined function prueba_is_frontpage() in /var/www/html/PruebaUpsocl/wp-content/themes/prueba/template-parts/header/site-branding.php:33
Stack trace:
#0 /var/www/html/PruebaUpsocl/wp-includes/template.php(690): require()
#1 /var/www/html/PruebaUpsocl/wp-includes/template.php(647): load_template('/var/www/html/P...', false)
#2 /var/www/html/PruebaUpsocl/wp-includes/general-template.php(155): locate_template(Array, true, false)
#3 /var/www/html/PruebaUpsocl/wp-content/themes/prueba/template-parts/header/header-image.php(18): get_template_part('template-parts/...', 'branding')
#4 /var/www/html/PruebaUpsocl/wp-includes/template.php(690): require('/var/www/html/P...')
#5 /var/www/html/PruebaUpsocl/wp-includes/template.php(647): load_template('/var/www/html/P...', false)
#6 /var/www/html/PruebaUpsocl/wp-includes/general-template.php(155): locate_template(Array, true, false)
#7 /var/www/html/PruebaUpsocl/wp-content/themes/prueba/header.php(23): get_template_part('template-parts/...', 'image in /var/www/html/PruebaUpsocl/wp-content/themes/prueba/template-parts/header/site-branding.php on line 33
[29-Jan-2018 16:47:53 UTC] PHP Fatal error:  Uncaught Error: Call to undefined function prueba_is_frontpage() in /var/www/html/PruebaUpsocl/wp-content/themes/prueba/template-parts/header/site-branding.php:33
Stack trace:
#0 /var/www/html/PruebaUpsocl/wp-includes/template.php(690): require()
#1 /var/www/html/PruebaUpsocl/wp-includes/template.php(647): load_template('/var/www/html/P...', false)
#2 /var/www/html/PruebaUpsocl/wp-includes/general-template.php(155): locate_template(Array, true, false)
#3 /var/www/html/PruebaUpsocl/wp-content/themes/prueba/template-parts/header/header-image.php(18): get_template_part('template-parts/...', 'branding')
#4 /var/www/html/PruebaUpsocl/wp-includes/template.php(690): require('/var/www/html/P...')
#5 /var/www/html/PruebaUpsocl/wp-includes/template.php(647): load_template('/var/www/html/P...', false)
#6 /var/www/html/PruebaUpsocl/wp-includes/general-template.php(155): locate_template(Array, true, false)
#7 /var/www/html/PruebaUpsocl/wp-content/themes/prueba/header.php(23): get_template_part('template-parts/...', 'image in /var/www/html/PruebaUpsocl/wp-content/themes/prueba/template-parts/header/site-branding.php on line 33
[29-Jan-2018 16:47:53 UTC] PHP Fatal error:  Uncaught Error: Call to undefined function prueba_is_frontpage() in /var/www/html/PruebaUpsocl/wp-content/themes/prueba/template-parts/header/site-branding.php:33
Stack trace:
#0 /var/www/html/PruebaUpsocl/wp-includes/template.php(690): require()
#1 /var/www/html/PruebaUpsocl/wp-includes/template.php(647): load_template('/var/www/html/P...', false)
#2 /var/www/html/PruebaUpsocl/wp-includes/general-template.php(155): locate_template(Array, true, false)
#3 /var/www/html/PruebaUpsocl/wp-content/themes/prueba/template-parts/header/header-image.php(18): get_template_part('template-parts/...', 'branding')
#4 /var/www/html/PruebaUpsocl/wp-includes/template.php(690): require('/var/www/html/P...')
#5 /var/www/html/PruebaUpsocl/wp-includes/template.php(647): load_template('/var/www/html/P...', false)
#6 /var/www/html/PruebaUpsocl/wp-includes/general-template.php(155): locate_template(Array, true, false)
#7 /var/www/html/PruebaUpsocl/wp-content/themes/prueba/header.php(23): get_template_part('template-parts/...', 'image in /var/www/html/PruebaUpsocl/wp-content/themes/prueba/template-parts/header/site-branding.php on line 33
[29-Jan-2018 16:47:53 UTC] PHP Fatal error:  Uncaught Error: Call to undefined function prueba_is_frontpage() in /var/www/html/PruebaUpsocl/wp-content/themes/prueba/template-parts/header/site-branding.php:33
Stack trace:
#0 /var/www/html/PruebaUpsocl/wp-includes/template.php(690): require()
#1 /var/www/html/PruebaUpsocl/wp-includes/template.php(647): load_template('/var/www/html/P...', false)
#2 /var/www/html/PruebaUpsocl/wp-includes/general-template.php(155): locate_template(Array, true, false)
#3 /var/www/html/PruebaUpsocl/wp-content/themes/prueba/template-parts/header/header-image.php(18): get_template_part('template-parts/...', 'branding')
#4 /var/www/html/PruebaUpsocl/wp-includes/template.php(690): require('/var/www/html/P...')
#5 /var/www/html/PruebaUpsocl/wp-includes/template.php(647): load_template('/var/www/html/P...', false)
#6 /var/www/html/PruebaUpsocl/wp-includes/general-template.php(155): locate_template(Array, true, false)
#7 /var/www/html/PruebaUpsocl/wp-content/themes/prueba/header.php(23): get_template_part('template-parts/...', 'image in /var/www/html/PruebaUpsocl/wp-content/themes/prueba/template-parts/header/site-branding.php on line 33
[29-Jan-2018 16:47:54 UTC] PHP Fatal error:  Uncaught Error: Call to undefined function prueba_is_frontpage() in /var/www/html/PruebaUpsocl/wp-content/themes/prueba/template-parts/header/site-branding.php:33
Stack trace:
#0 /var/www/html/PruebaUpsocl/wp-includes/template.php(690): require()
#1 /var/www/html/PruebaUpsocl/wp-includes/template.php(647): load_template('/var/www/html/P...', false)
#2 /var/www/html/PruebaUpsocl/wp-includes/general-template.php(155): locate_template(Array, true, false)
#3 /var/www/html/PruebaUpsocl/wp-content/themes/prueba/template-parts/header/header-image.php(18): get_template_part('template-parts/...', 'branding')
#4 /var/www/html/PruebaUpsocl/wp-includes/template.php(690): require('/var/www/html/P...')
#5 /var/www/html/PruebaUpsocl/wp-includes/template.php(647): load_template('/var/www/html/P...', false)
#6 /var/www/html/PruebaUpsocl/wp-includes/general-template.php(155): locate_template(Array, true, false)
#7 /var/www/html/PruebaUpsocl/wp-content/themes/prueba/header.php(23): get_template_part('template-parts/...', 'image in /var/www/html/PruebaUpsocl/wp-content/themes/prueba/template-parts/header/site-branding.php on line 33
[29-Jan-2018 16:47:54 UTC] PHP Fatal error:  Uncaught Error: Call to undefined function prueba_is_frontpage() in /var/www/html/PruebaUpsocl/wp-content/themes/prueba/template-parts/header/site-branding.php:33
Stack trace:
#0 /var/www/html/PruebaUpsocl/wp-includes/template.php(690): require()
#1 /var/www/html/PruebaUpsocl/wp-includes/template.php(647): load_template('/var/www/html/P...', false)
#2 /var/www/html/PruebaUpsocl/wp-includes/general-template.php(155): locate_template(Array, true, false)
#3 /var/www/html/PruebaUpsocl/wp-content/themes/prueba/template-parts/header/header-image.php(18): get_template_part('template-parts/...', 'branding')
#4 /var/www/html/PruebaUpsocl/wp-includes/template.php(690): require('/var/www/html/P...')
#5 /var/www/html/PruebaUpsocl/wp-includes/template.php(647): load_template('/var/www/html/P...', false)
#6 /var/www/html/PruebaUpsocl/wp-includes/general-template.php(155): locate_template(Array, true, false)
#7 /var/www/html/PruebaUpsocl/wp-content/themes/prueba/header.php(23): get_template_part('template-parts/...', 'image in /var/www/html/PruebaUpsocl/wp-content/themes/prueba/template-parts/header/site-branding.php on line 33
[29-Jan-2018 16:47:55 UTC] PHP Fatal error:  Uncaught Error: Call to undefined function prueba_is_frontpage() in /var/www/html/PruebaUpsocl/wp-content/themes/prueba/template-parts/header/site-branding.php:33
Stack trace:
#0 /var/www/html/PruebaUpsocl/wp-includes/template.php(690): require()
#1 /var/www/html/PruebaUpsocl/wp-includes/template.php(647): load_template('/var/www/html/P...', false)
#2 /var/www/html/PruebaUpsocl/wp-includes/general-template.php(155): locate_template(Array, true, false)
#3 /var/www/html/PruebaUpsocl/wp-content/themes/prueba/template-parts/header/header-image.php(18): get_template_part('template-parts/...', 'branding')
#4 /var/www/html/PruebaUpsocl/wp-includes/template.php(690): require('/var/www/html/P...')
#5 /var/www/html/PruebaUpsocl/wp-includes/template.php(647): load_template('/var/www/html/P...', false)
#6 /var/www/html/PruebaUpsocl/wp-includes/general-template.php(155): locate_template(Array, true, false)
#7 /var/www/html/PruebaUpsocl/wp-content/themes/prueba/header.php(23): get_template_part('template-parts/...', 'image in /var/www/html/PruebaUpsocl/wp-content/themes/prueba/template-parts/header/site-branding.php on line 33
[29-Jan-2018 16:47:55 UTC] PHP Fatal error:  Uncaught Error: Call to undefined function prueba_is_frontpage() in /var/www/html/PruebaUpsocl/wp-content/themes/prueba/template-parts/header/site-branding.php:33
Stack trace:
#0 /var/www/html/PruebaUpsocl/wp-includes/template.php(690): require()
#1 /var/www/html/PruebaUpsocl/wp-includes/template.php(647): load_template('/var/www/html/P...', false)
#2 /var/www/html/PruebaUpsocl/wp-includes/general-template.php(155): locate_template(Array, true, false)
#3 /var/www/html/PruebaUpsocl/wp-content/themes/prueba/template-parts/header/header-image.php(18): get_template_part('template-parts/...', 'branding')
#4 /var/www/html/PruebaUpsocl/wp-includes/template.php(690): require('/var/www/html/P...')
#5 /var/www/html/PruebaUpsocl/wp-includes/template.php(647): load_template('/var/www/html/P...', false)
#6 /var/www/html/PruebaUpsocl/wp-includes/general-template.php(155): locate_template(Array, true, false)
#7 /var/www/html/PruebaUpsocl/wp-content/themes/prueba/header.php(23): get_template_part('template-parts/...', 'image in /var/www/html/PruebaUpsocl/wp-content/themes/prueba/template-parts/header/site-branding.php on line 33
[29-Jan-2018 16:47:56 UTC] PHP Fatal error:  Uncaught Error: Call to undefined function prueba_is_frontpage() in /var/www/html/PruebaUpsocl/wp-content/themes/prueba/template-parts/header/site-branding.php:33
Stack trace:
#0 /var/www/html/PruebaUpsocl/wp-includes/template.php(690): require()
#1 /var/www/html/PruebaUpsocl/wp-includes/template.php(647): load_template('/var/www/html/P...', false)
#2 /var/www/html/PruebaUpsocl/wp-includes/general-template.php(155): locate_template(Array, true, false)
#3 /var/www/html/PruebaUpsocl/wp-content/themes/prueba/template-parts/header/header-image.php(18): get_template_part('template-parts/...', 'branding')
#4 /var/www/html/PruebaUpsocl/wp-includes/template.php(690): require('/var/www/html/P...')
#5 /var/www/html/PruebaUpsocl/wp-includes/template.php(647): load_template('/var/www/html/P...', false)
#6 /var/www/html/PruebaUpsocl/wp-includes/general-template.php(155): locate_template(Array, true, false)
#7 /var/www/html/PruebaUpsocl/wp-content/themes/prueba/header.php(23): get_template_part('template-parts/...', 'image in /var/www/html/PruebaUpsocl/wp-content/themes/prueba/template-parts/header/site-branding.php on line 33
[29-Jan-2018 16:47:56 UTC] PHP Fatal error:  Uncaught Error: Call to undefined function prueba_is_frontpage() in /var/www/html/PruebaUpsocl/wp-content/themes/prueba/template-parts/header/site-branding.php:33
Stack trace:
#0 /var/www/html/PruebaUpsocl/wp-includes/template.php(690): require()
#1 /var/www/html/PruebaUpsocl/wp-includes/template.php(647): load_template('/var/www/html/P...', false)
#2 /var/www/html/PruebaUpsocl/wp-includes/general-template.php(155): locate_template(Array, true, false)
#3 /var/www/html/PruebaUpsocl/wp-content/themes/prueba/template-parts/header/header-image.php(18): get_template_part('template-parts/...', 'branding')
#4 /var/www/html/PruebaUpsocl/wp-includes/template.php(690): require('/var/www/html/P...')
#5 /var/www/html/PruebaUpsocl/wp-includes/template.php(647): load_template('/var/www/html/P...', false)
#6 /var/www/html/PruebaUpsocl/wp-includes/general-template.php(155): locate_template(Array, true, false)
#7 /var/www/html/PruebaUpsocl/wp-content/themes/prueba/header.php(23): get_template_part('template-parts/...', 'image in /var/www/html/PruebaUpsocl/wp-content/themes/prueba/template-parts/header/site-branding.php on line 33
[29-Jan-2018 16:47:57 UTC] PHP Fatal error:  Uncaught Error: Call to undefined function prueba_is_frontpage() in /var/www/html/PruebaUpsocl/wp-content/themes/prueba/template-parts/header/site-branding.php:33
Stack trace:
#0 /var/www/html/PruebaUpsocl/wp-includes/template.php(690): require()
#1 /var/www/html/PruebaUpsocl/wp-includes/template.php(647): load_template('/var/www/html/P...', false)
#2 /var/www/html/PruebaUpsocl/wp-includes/general-template.php(155): locate_template(Array, true, false)
#3 /var/www/html/PruebaUpsocl/wp-content/themes/prueba/template-parts/header/header-image.php(18): get_template_part('template-parts/...', 'branding')
#4 /var/www/html/PruebaUpsocl/wp-includes/template.php(690): require('/var/www/html/P...')
#5 /var/www/html/PruebaUpsocl/wp-includes/template.php(647): load_template('/var/www/html/P...', false)
#6 /var/www/html/PruebaUpsocl/wp-includes/general-template.php(155): locate_template(Array, true, false)
#7 /var/www/html/PruebaUpsocl/wp-content/themes/prueba/header.php(23): get_template_part('template-parts/...', 'image in /var/www/html/PruebaUpsocl/wp-content/themes/prueba/template-parts/header/site-branding.php on line 33
[29-Jan-2018 16:47:57 UTC] PHP Fatal error:  Uncaught Error: Call to undefined function prueba_is_frontpage() in /var/www/html/PruebaUpsocl/wp-content/themes/prueba/template-parts/header/site-branding.php:33
Stack trace:
#0 /var/www/html/PruebaUpsocl/wp-includes/template.php(690): require()
#1 /var/www/html/PruebaUpsocl/wp-includes/template.php(647): load_template('/var/www/html/P...', false)
#2 /var/www/html/PruebaUpsocl/wp-includes/general-template.php(155): locate_template(Array, true, false)
#3 /var/www/html/PruebaUpsocl/wp-content/themes/prueba/template-parts/header/header-image.php(18): get_template_part('template-parts/...', 'branding')
#4 /var/www/html/PruebaUpsocl/wp-includes/template.php(690): require('/var/www/html/P...')
#5 /var/www/html/PruebaUpsocl/wp-includes/template.php(647): load_template('/var/www/html/P...', false)
#6 /var/www/html/PruebaUpsocl/wp-includes/general-template.php(155): locate_template(Array, true, false)
#7 /var/www/html/PruebaUpsocl/wp-content/themes/prueba/header.php(23): get_template_part('template-parts/...', 'image in /var/www/html/PruebaUpsocl/wp-content/themes/prueba/template-parts/header/site-branding.php on line 33
[29-Jan-2018 16:47:57 UTC] PHP Fatal error:  Uncaught Error: Call to undefined function prueba_is_frontpage() in /var/www/html/PruebaUpsocl/wp-content/themes/prueba/template-parts/header/site-branding.php:33
Stack trace:
#0 /var/www/html/PruebaUpsocl/wp-includes/template.php(690): require()
#1 /var/www/html/PruebaUpsocl/wp-includes/template.php(647): load_template('/var/www/html/P...', false)
#2 /var/www/html/PruebaUpsocl/wp-includes/general-template.php(155): locate_template(Array, true, false)
#3 /var/www/html/PruebaUpsocl/wp-content/themes/prueba/template-parts/header/header-image.php(18): get_template_part('template-parts/...', 'branding')
#4 /var/www/html/PruebaUpsocl/wp-includes/template.php(690): require('/var/www/html/P...')
#5 /var/www/html/PruebaUpsocl/wp-includes/template.php(647): load_template('/var/www/html/P...', false)
#6 /var/www/html/PruebaUpsocl/wp-includes/general-template.php(155): locate_template(Array, true, false)
#7 /var/www/html/PruebaUpsocl/wp-content/themes/prueba/header.php(23): get_template_part('template-parts/...', 'image in /var/www/html/PruebaUpsocl/wp-content/themes/prueba/template-parts/header/site-branding.php on line 33
[29-Jan-2018 16:47:58 UTC] PHP Fatal error:  Uncaught Error: Call to undefined function prueba_is_frontpage() in /var/www/html/PruebaUpsocl/wp-content/themes/prueba/template-parts/header/site-branding.php:33
Stack trace:
#0 /var/www/html/PruebaUpsocl/wp-includes/template.php(690): require()
#1 /var/www/html/PruebaUpsocl/wp-includes/template.php(647): load_template('/var/www/html/P...', false)
#2 /var/www/html/PruebaUpsocl/wp-includes/general-template.php(155): locate_template(Array, true, false)
#3 /var/www/html/PruebaUpsocl/wp-content/themes/prueba/template-parts/header/header-image.php(18): get_template_part('template-parts/...', 'branding')
#4 /var/www/html/PruebaUpsocl/wp-includes/template.php(690): require('/var/www/html/P...')
#5 /var/www/html/PruebaUpsocl/wp-includes/template.php(647): load_template('/var/www/html/P...', false)
#6 /var/www/html/PruebaUpsocl/wp-includes/general-template.php(155): locate_template(Array, true, false)
#7 /var/www/html/PruebaUpsocl/wp-content/themes/prueba/header.php(23): get_template_part('template-parts/...', 'image in /var/www/html/PruebaUpsocl/wp-content/themes/prueba/template-parts/header/site-branding.php on line 33
[29-Jan-2018 16:52:26 UTC] PHP Parse error:  syntax error, unexpected 'endif' (T_ENDIF), expecting end of file in /var/www/html/PruebaUpsocl/wp-content/themes/prueba/template-parts/header/site-branding.php on line 17
[29-Jan-2018 16:54:19 UTC] PHP Parse error:  syntax error, unexpected 'endif' (T_ENDIF), expecting end of file in /var/www/html/PruebaUpsocl/wp-content/themes/prueba/template-parts/header/site-branding.php on line 17
[29-Jan-2018 16:54:47 UTC] PHP Parse error:  syntax error, unexpected 'endif' (T_ENDIF), expecting end of file in /var/www/html/PruebaUpsocl/wp-content/themes/prueba/template-parts/header/site-branding.php on line 17
[29-Jan-2018 16:54:47 UTC] PHP Parse error:  syntax error, unexpected 'endif' (T_ENDIF), expecting end of file in /var/www/html/PruebaUpsocl/wp-content/themes/prueba/template-parts/header/site-branding.php on line 17
[29-Jan-2018 16:54:51 UTC] PHP Parse error:  syntax error, unexpected 'endif' (T_ENDIF), expecting end of file in /var/www/html/PruebaUpsocl/wp-content/themes/prueba/template-parts/header/site-branding.php on line 17
[29-Jan-2018 16:54:52 UTC] PHP Parse error:  syntax error, unexpected 'endif' (T_ENDIF), expecting end of file in /var/www/html/PruebaUpsocl/wp-content/themes/prueba/template-parts/header/site-branding.php on line 17
[29-Jan-2018 16:54:52 UTC] PHP Parse error:  syntax error, unexpected 'endif' (T_ENDIF), expecting end of file in /var/www/html/PruebaUpsocl/wp-content/themes/prueba/template-parts/header/site-branding.php on line 17
[29-Jan-2018 21:36:34 UTC] PHP Fatal error:  Uncaught Error: Call to undefined function wp_page_title() in /var/www/html/PruebaUpsocl/wp-content/themes/prueba/header.php:32
Stack trace:
#0 /var/www/html/PruebaUpsocl/wp-includes/template.php(688): require_once()
#1 /var/www/html/PruebaUpsocl/wp-includes/template.php(647): load_template('/var/www/html/P...', true)
#2 /var/www/html/PruebaUpsocl/wp-includes/general-template.php(41): locate_template(Array, true)
#3 /var/www/html/PruebaUpsocl/wp-content/themes/prueba/index.php(1): get_header()
#4 /var/www/html/PruebaUpsocl/wp-includes/template-loader.php(74): include('/var/www/html/P...')
#5 /var/www/html/PruebaUpsocl/wp-blog-header.php(19): require_once('/var/www/html/P...')
#6 /var/www/html/PruebaUpsocl/index.php(17): require('/var/www/html/P...')
#7 {main}
  thrown in /var/www/html/PruebaUpsocl/wp-content/themes/prueba/header.php on line 32
[30-Jan-2018 21:23:53 UTC] PHP Fatal error:  Uncaught Error: Call to undefined function mysql_query() in /var/www/html/PruebaUpsocl/wp-content/themes/prueba/comunidad.php:14
Stack trace:
#0 /var/www/html/PruebaUpsocl/wp-content/themes/prueba/sidebar.php(13): include_once()
#1 /var/www/html/PruebaUpsocl/wp-includes/template.php(688): require_once('/var/www/html/P...')
#2 /var/www/html/PruebaUpsocl/wp-includes/template.php(647): load_template('/var/www/html/P...', true)
#3 /var/www/html/PruebaUpsocl/wp-includes/general-template.php(110): locate_template(Array, true)
#4 /var/www/html/PruebaUpsocl/wp-content/themes/prueba/index.php(2): get_sidebar()
#5 /var/www/html/PruebaUpsocl/wp-includes/template-loader.php(74): include('/var/www/html/P...')
#6 /var/www/html/PruebaUpsocl/wp-blog-header.php(19): require_once('/var/www/html/P...')
#7 /var/www/html/PruebaUpsocl/index.php(17): require('/var/www/html/P...')
#8 {main}
  thrown in /var/www/html/PruebaUpsocl/wp-content/themes/prueba/comunidad.php on line 14
[31-Jan-2018 00:55:38 UTC] PHP Notice:  screen_icon ha quedado <strong>obsoleto</strong> desde la versión 3.8.0 y no hay alternativas disponibles. in /var/www/html/PruebaUpsocl/wp-includes/functions.php on line 3842
[31-Jan-2018 00:55:38 UTC] PHP Notice:  get_screen_icon ha quedado <strong>obsoleto</strong> desde la versión 3.8.0 y no hay alternativas disponibles. in /var/www/html/PruebaUpsocl/wp-includes/functions.php on line 3842
[31-Jan-2018 01:15:11 UTC] PHP Notice:  screen_icon ha quedado <strong>obsoleto</strong> desde la versión 3.8.0 y no hay alternativas disponibles. in /var/www/html/PruebaUpsocl/wp-includes/functions.php on line 3842
[31-Jan-2018 01:15:11 UTC] PHP Notice:  get_screen_icon ha quedado <strong>obsoleto</strong> desde la versión 3.8.0 y no hay alternativas disponibles. in /var/www/html/PruebaUpsocl/wp-includes/functions.php on line 3842
[31-Jan-2018 01:21:51 UTC] PHP Notice:  screen_icon ha quedado <strong>obsoleto</strong> desde la versión 3.8.0 y no hay alternativas disponibles. in /var/www/html/PruebaUpsocl/wp-includes/functions.php on line 3842
[31-Jan-2018 01:21:51 UTC] PHP Notice:  get_screen_icon ha quedado <strong>obsoleto</strong> desde la versión 3.8.0 y no hay alternativas disponibles. in /var/www/html/PruebaUpsocl/wp-includes/functions.php on line 3842
[31-Jan-2018 01:21:52 UTC] PHP Notice:  screen_icon ha quedado <strong>obsoleto</strong> desde la versión 3.8.0 y no hay alternativas disponibles. in /var/www/html/PruebaUpsocl/wp-includes/functions.php on line 3842
[31-Jan-2018 01:21:52 UTC] PHP Notice:  get_screen_icon ha quedado <strong>obsoleto</strong> desde la versión 3.8.0 y no hay alternativas disponibles. in /var/www/html/PruebaUpsocl/wp-includes/functions.php on line 3842
[31-Jan-2018 01:21:52 UTC] PHP Notice:  screen_icon ha quedado <strong>obsoleto</strong> desde la versión 3.8.0 y no hay alternativas disponibles. in /var/www/html/PruebaUpsocl/wp-includes/functions.php on line 3842
[31-Jan-2018 01:21:52 UTC] PHP Notice:  get_screen_icon ha quedado <strong>obsoleto</strong> desde la versión 3.8.0 y no hay alternativas disponibles. in /var/www/html/PruebaUpsocl/wp-includes/functions.php on line 3842
[31-Jan-2018 01:23:02 UTC] PHP Notice:  screen_icon ha quedado <strong>obsoleto</strong> desde la versión 3.8.0 y no hay alternativas disponibles. in /var/www/html/PruebaUpsocl/wp-includes/functions.php on line 3842
[31-Jan-2018 01:23:02 UTC] PHP Notice:  get_screen_icon ha quedado <strong>obsoleto</strong> desde la versión 3.8.0 y no hay alternativas disponibles. in /var/www/html/PruebaUpsocl/wp-includes/functions.php on line 3842
[31-Jan-2018 01:23:04 UTC] PHP Notice:  screen_icon ha quedado <strong>obsoleto</strong> desde la versión 3.8.0 y no hay alternativas disponibles. in /var/www/html/PruebaUpsocl/wp-includes/functions.php on line 3842
[31-Jan-2018 01:23:04 UTC] PHP Notice:  get_screen_icon ha quedado <strong>obsoleto</strong> desde la versión 3.8.0 y no hay alternativas disponibles. in /var/www/html/PruebaUpsocl/wp-includes/functions.php on line 3842
[31-Jan-2018 01:23:39 UTC] PHP Notice:  screen_icon ha quedado <strong>obsoleto</strong> desde la versión 3.8.0 y no hay alternativas disponibles. in /var/www/html/PruebaUpsocl/wp-includes/functions.php on line 3842
[31-Jan-2018 01:23:39 UTC] PHP Notice:  get_screen_icon ha quedado <strong>obsoleto</strong> desde la versión 3.8.0 y no hay alternativas disponibles. in /var/www/html/PruebaUpsocl/wp-includes/functions.php on line 3842
[31-Jan-2018 01:23:39 UTC] PHP Notice:  screen_icon ha quedado <strong>obsoleto</strong> desde la versión 3.8.0 y no hay alternativas disponibles. in /var/www/html/PruebaUpsocl/wp-includes/functions.php on line 3842
[31-Jan-2018 01:23:39 UTC] PHP Notice:  get_screen_icon ha quedado <strong>obsoleto</strong> desde la versión 3.8.0 y no hay alternativas disponibles. in /var/www/html/PruebaUpsocl/wp-includes/functions.php on line 3842
[31-Jan-2018 01:23:39 UTC] PHP Notice:  screen_icon ha quedado <strong>obsoleto</strong> desde la versión 3.8.0 y no hay alternativas disponibles. in /var/www/html/PruebaUpsocl/wp-includes/functions.php on line 3842
[31-Jan-2018 01:23:39 UTC] PHP Notice:  get_screen_icon ha quedado <strong>obsoleto</strong> desde la versión 3.8.0 y no hay alternativas disponibles. in /var/www/html/PruebaUpsocl/wp-includes/functions.php on line 3842
[31-Jan-2018 01:24:34 UTC] PHP Notice:  screen_icon ha quedado <strong>obsoleto</strong> desde la versión 3.8.0 y no hay alternativas disponibles. in /var/www/html/PruebaUpsocl/wp-includes/functions.php on line 3842
[31-Jan-2018 01:24:34 UTC] PHP Notice:  get_screen_icon ha quedado <strong>obsoleto</strong> desde la versión 3.8.0 y no hay alternativas disponibles. in /var/www/html/PruebaUpsocl/wp-includes/functions.php on line 3842
[31-Jan-2018 01:27:02 UTC] PHP Notice:  screen_icon ha quedado <strong>obsoleto</strong> desde la versión 3.8.0 y no hay alternativas disponibles. in /var/www/html/PruebaUpsocl/wp-includes/functions.php on line 3842
[31-Jan-2018 01:27:02 UTC] PHP Notice:  get_screen_icon ha quedado <strong>obsoleto</strong> desde la versión 3.8.0 y no hay alternativas disponibles. in /var/www/html/PruebaUpsocl/wp-includes/functions.php on line 3842
[31-Jan-2018 01:27:02 UTC] PHP Notice:  screen_icon ha quedado <strong>obsoleto</strong> desde la versión 3.8.0 y no hay alternativas disponibles. in /var/www/html/PruebaUpsocl/wp-includes/functions.php on line 3842
[31-Jan-2018 01:27:02 UTC] PHP Notice:  get_screen_icon ha quedado <strong>obsoleto</strong> desde la versión 3.8.0 y no hay alternativas disponibles. in /var/www/html/PruebaUpsocl/wp-includes/functions.php on line 3842
[31-Jan-2018 01:27:02 UTC] PHP Notice:  screen_icon ha quedado <strong>obsoleto</strong> desde la versión 3.8.0 y no hay alternativas disponibles. in /var/www/html/PruebaUpsocl/wp-includes/functions.php on line 3842
[31-Jan-2018 01:27:02 UTC] PHP Notice:  get_screen_icon ha quedado <strong>obsoleto</strong> desde la versión 3.8.0 y no hay alternativas disponibles. in /var/www/html/PruebaUpsocl/wp-includes/functions.php on line 3842
[31-Jan-2018 01:27:15 UTC] PHP Notice:  screen_icon ha quedado <strong>obsoleto</strong> desde la versión 3.8.0 y no hay alternativas disponibles. in /var/www/html/PruebaUpsocl/wp-includes/functions.php on line 3842
[31-Jan-2018 01:27:15 UTC] PHP Notice:  get_screen_icon ha quedado <strong>obsoleto</strong> desde la versión 3.8.0 y no hay alternativas disponibles. in /var/www/html/PruebaUpsocl/wp-includes/functions.php on line 3842
[31-Jan-2018 01:33:36 UTC] PHP Deprecated:  Methods with the same name as their class will not be constructors in a future version of PHP; themePacific_jetpack_User_Agent_Info has a deprecated constructor in /var/www/html/PruebaUpsocl/wp-content/plugins/tiled-gallery-carousel-without-jetpack/class.jetpack-user-agent.php on line 61
[31-Jan-2018 01:55:48 UTC] PHP Notice:  Trying to get property of non-object in /var/www/html/PruebaUpsocl/wp-content/plugins/tiled-gallery-carousel-without-jetpack/tiled-gallery.php on line 46
[31-Jan-2018 01:55:48 UTC] PHP Notice:  Trying to get property of non-object in /var/www/html/PruebaUpsocl/wp-content/plugins/tiled-gallery-carousel-without-jetpack/tiled-gallery.php on line 340
[31-Jan-2018 01:55:48 UTC] PHP Notice:  Array to string conversion in /var/www/html/PruebaUpsocl/wp-content/plugins/tiled-gallery-carousel-without-jetpack/tiled-gallery.php on line 373
[31-Jan-2018 01:55:49 UTC] PHP Notice:  Array to string conversion in /var/www/html/PruebaUpsocl/wp-content/plugins/tiled-gallery-carousel-without-jetpack/tiled-gallery.php on line 373
[31-Jan-2018 01:55:49 UTC] PHP Notice:  Array to string conversion in /var/www/html/PruebaUpsocl/wp-content/plugins/tiled-gallery-carousel-without-jetpack/tiled-gallery.php on line 373
[31-Jan-2018 01:55:49 UTC] PHP Notice:  Array to string conversion in /var/www/html/PruebaUpsocl/wp-content/plugins/tiled-gallery-carousel-without-jetpack/tiled-gallery.php on line 373
[31-Jan-2018 01:59:47 UTC] PHP Notice:  Array to string conversion in /var/www/html/PruebaUpsocl/wp-content/plugins/tiled-gallery-carousel-without-jetpack/tiled-gallery.php on line 373
[31-Jan-2018 01:59:47 UTC] PHP Notice:  Array to string conversion in /var/www/html/PruebaUpsocl/wp-content/plugins/tiled-gallery-carousel-without-jetpack/tiled-gallery.php on line 373
[31-Jan-2018 01:59:47 UTC] PHP Notice:  Array to string conversion in /var/www/html/PruebaUpsocl/wp-content/plugins/tiled-gallery-carousel-without-jetpack/tiled-gallery.php on line 373
[31-Jan-2018 01:59:47 UTC] PHP Notice:  Array to string conversion in /var/www/html/PruebaUpsocl/wp-content/plugins/tiled-gallery-carousel-without-jetpack/tiled-gallery.php on line 373
[31-Jan-2018 01:59:53 UTC] PHP Notice:  Trying to get property of non-object in /var/www/html/PruebaUpsocl/wp-content/plugins/tiled-gallery-carousel-without-jetpack/tiled-gallery.php on line 46
[31-Jan-2018 01:59:53 UTC] PHP Notice:  Trying to get property of non-object in /var/www/html/PruebaUpsocl/wp-content/plugins/tiled-gallery-carousel-without-jetpack/tiled-gallery.php on line 340
[31-Jan-2018 01:59:53 UTC] PHP Notice:  Array to string conversion in /var/www/html/PruebaUpsocl/wp-content/plugins/tiled-gallery-carousel-without-jetpack/tiled-gallery.php on line 373
[31-Jan-2018 01:59:53 UTC] PHP Notice:  Array to string conversion in /var/www/html/PruebaUpsocl/wp-content/plugins/tiled-gallery-carousel-without-jetpack/tiled-gallery.php on line 373
[31-Jan-2018 01:59:53 UTC] PHP Notice:  Array to string conversion in /var/www/html/PruebaUpsocl/wp-content/plugins/tiled-gallery-carousel-without-jetpack/tiled-gallery.php on line 373
[31-Jan-2018 01:59:53 UTC] PHP Notice:  Array to string conversion in /var/www/html/PruebaUpsocl/wp-content/plugins/tiled-gallery-carousel-without-jetpack/tiled-gallery.php on line 373
[31-Jan-2018 02:01:03 UTC] PHP Notice:  Trying to get property of non-object in /var/www/html/PruebaUpsocl/wp-content/plugins/tiled-gallery-carousel-without-jetpack/tiled-gallery.php on line 46
[31-Jan-2018 02:01:03 UTC] PHP Notice:  Trying to get property of non-object in /var/www/html/PruebaUpsocl/wp-content/plugins/tiled-gallery-carousel-without-jetpack/tiled-gallery.php on line 340
[31-Jan-2018 02:01:03 UTC] PHP Notice:  Array to string conversion in /var/www/html/PruebaUpsocl/wp-content/plugins/tiled-gallery-carousel-without-jetpack/tiled-gallery.php on line 373
[31-Jan-2018 02:01:03 UTC] PHP Notice:  Array to string conversion in /var/www/html/PruebaUpsocl/wp-content/plugins/tiled-gallery-carousel-without-jetpack/tiled-gallery.php on line 373
[31-Jan-2018 02:01:03 UTC] PHP Notice:  Array to string conversion in /var/www/html/PruebaUpsocl/wp-content/plugins/tiled-gallery-carousel-without-jetpack/tiled-gallery.php on line 373
[31-Jan-2018 02:01:03 UTC] PHP Notice:  Array to string conversion in /var/www/html/PruebaUpsocl/wp-content/plugins/tiled-gallery-carousel-without-jetpack/tiled-gallery.php on line 373
[31-Jan-2018 02:01:35 UTC] PHP Notice:  Array to string conversion in /var/www/html/PruebaUpsocl/wp-content/plugins/tiled-gallery-carousel-without-jetpack/tiled-gallery.php on line 373
[31-Jan-2018 02:01:35 UTC] PHP Notice:  Array to string conversion in /var/www/html/PruebaUpsocl/wp-content/plugins/tiled-gallery-carousel-without-jetpack/tiled-gallery.php on line 373
[31-Jan-2018 02:01:35 UTC] PHP Notice:  Array to string conversion in /var/www/html/PruebaUpsocl/wp-content/plugins/tiled-gallery-carousel-without-jetpack/tiled-gallery.php on line 373
[31-Jan-2018 02:01:35 UTC] PHP Notice:  Array to string conversion in /var/www/html/PruebaUpsocl/wp-content/plugins/tiled-gallery-carousel-without-jetpack/tiled-gallery.php on line 373
[31-Jan-2018 02:01:37 UTC] PHP Notice:  Array to string conversion in /var/www/html/PruebaUpsocl/wp-content/plugins/tiled-gallery-carousel-without-jetpack/tiled-gallery.php on line 373
[31-Jan-2018 02:01:37 UTC] PHP Notice:  Array to string conversion in /var/www/html/PruebaUpsocl/wp-content/plugins/tiled-gallery-carousel-without-jetpack/tiled-gallery.php on line 373
[31-Jan-2018 02:01:37 UTC] PHP Notice:  Array to string conversion in /var/www/html/PruebaUpsocl/wp-content/plugins/tiled-gallery-carousel-without-jetpack/tiled-gallery.php on line 373
[31-Jan-2018 02:01:37 UTC] PHP Notice:  Array to string conversion in /var/www/html/PruebaUpsocl/wp-content/plugins/tiled-gallery-carousel-without-jetpack/tiled-gallery.php on line 373
[31-Jan-2018 02:01:37 UTC] PHP Notice:  Array to string conversion in /var/www/html/PruebaUpsocl/wp-content/plugins/tiled-gallery-carousel-without-jetpack/tiled-gallery.php on line 373
[31-Jan-2018 02:01:37 UTC] PHP Notice:  Array to string conversion in /var/www/html/PruebaUpsocl/wp-content/plugins/tiled-gallery-carousel-without-jetpack/tiled-gallery.php on line 373
[31-Jan-2018 02:01:37 UTC] PHP Notice:  Array to string conversion in /var/www/html/PruebaUpsocl/wp-content/plugins/tiled-gallery-carousel-without-jetpack/tiled-gallery.php on line 373
[31-Jan-2018 02:01:37 UTC] PHP Notice:  Array to string conversion in /var/www/html/PruebaUpsocl/wp-content/plugins/tiled-gallery-carousel-without-jetpack/tiled-gallery.php on line 373
[31-Jan-2018 02:02:22 UTC] PHP Notice:  Trying to get property of non-object in /var/www/html/PruebaUpsocl/wp-content/plugins/tiled-gallery-carousel-without-jetpack/tiled-gallery.php on line 46
[31-Jan-2018 02:02:22 UTC] PHP Notice:  Trying to get property of non-object in /var/www/html/PruebaUpsocl/wp-content/plugins/tiled-gallery-carousel-without-jetpack/tiled-gallery.php on line 340
[31-Jan-2018 02:02:22 UTC] PHP Notice:  Array to string conversion in /var/www/html/PruebaUpsocl/wp-content/plugins/tiled-gallery-carousel-without-jetpack/tiled-gallery.php on line 373
[31-Jan-2018 02:02:22 UTC] PHP Notice:  Array to string conversion in /var/www/html/PruebaUpsocl/wp-content/plugins/tiled-gallery-carousel-without-jetpack/tiled-gallery.php on line 373
[31-Jan-2018 02:02:22 UTC] PHP Notice:  Array to string conversion in /var/www/html/PruebaUpsocl/wp-content/plugins/tiled-gallery-carousel-without-jetpack/tiled-gallery.php on line 373
[31-Jan-2018 02:02:22 UTC] PHP Notice:  Array to string conversion in /var/www/html/PruebaUpsocl/wp-content/plugins/tiled-gallery-carousel-without-jetpack/tiled-gallery.php on line 373
[31-Jan-2018 02:03:12 UTC] PHP Notice:  Array to string conversion in /var/www/html/PruebaUpsocl/wp-content/plugins/tiled-gallery-carousel-without-jetpack/tiled-gallery.php on line 373
[31-Jan-2018 02:03:12 UTC] PHP Notice:  Array to string conversion in /var/www/html/PruebaUpsocl/wp-content/plugins/tiled-gallery-carousel-without-jetpack/tiled-gallery.php on line 373
[31-Jan-2018 02:03:12 UTC] PHP Notice:  Array to string conversion in /var/www/html/PruebaUpsocl/wp-content/plugins/tiled-gallery-carousel-without-jetpack/tiled-gallery.php on line 373
[31-Jan-2018 02:03:12 UTC] PHP Notice:  Array to string conversion in /var/www/html/PruebaUpsocl/wp-content/plugins/tiled-gallery-carousel-without-jetpack/tiled-gallery.php on line 373
[31-Jan-2018 02:03:16 UTC] PHP Notice:  Array to string conversion in /var/www/html/PruebaUpsocl/wp-content/plugins/tiled-gallery-carousel-without-jetpack/tiled-gallery.php on line 373
[31-Jan-2018 02:03:16 UTC] PHP Notice:  Array to string conversion in /var/www/html/PruebaUpsocl/wp-content/plugins/tiled-gallery-carousel-without-jetpack/tiled-gallery.php on line 373
[31-Jan-2018 02:03:16 UTC] PHP Notice:  Array to string conversion in /var/www/html/PruebaUpsocl/wp-content/plugins/tiled-gallery-carousel-without-jetpack/tiled-gallery.php on line 373
[31-Jan-2018 02:03:16 UTC] PHP Notice:  Array to string conversion in /var/www/html/PruebaUpsocl/wp-content/plugins/tiled-gallery-carousel-without-jetpack/tiled-gallery.php on line 373
[31-Jan-2018 02:03:16 UTC] PHP Notice:  Array to string conversion in /var/www/html/PruebaUpsocl/wp-content/plugins/tiled-gallery-carousel-without-jetpack/tiled-gallery.php on line 373
[31-Jan-2018 02:03:16 UTC] PHP Notice:  Array to string conversion in /var/www/html/PruebaUpsocl/wp-content/plugins/tiled-gallery-carousel-without-jetpack/tiled-gallery.php on line 373
[31-Jan-2018 02:03:16 UTC] PHP Notice:  Array to string conversion in /var/www/html/PruebaUpsocl/wp-content/plugins/tiled-gallery-carousel-without-jetpack/tiled-gallery.php on line 373
[31-Jan-2018 02:03:16 UTC] PHP Notice:  Array to string conversion in /var/www/html/PruebaUpsocl/wp-content/plugins/tiled-gallery-carousel-without-jetpack/tiled-gallery.php on line 373
[31-Jan-2018 02:08:41 UTC] PHP Deprecated:  Methods with the same name as their class will not be constructors in a future version of PHP; themePacific_jetpack_User_Agent_Info has a deprecated constructor in /var/www/html/PruebaUpsocl/wp-content/plugins/tiled-gallery-carousel-without-jetpack/class.jetpack-user-agent.php on line 61
[31-Jan-2018 02:09:39 UTC] PHP Notice:  Array to string conversion in /var/www/html/PruebaUpsocl/wp-content/plugins/tiled-gallery-carousel-without-jetpack/tiled-gallery.php on line 373
[31-Jan-2018 02:09:39 UTC] PHP Notice:  Array to string conversion in /var/www/html/PruebaUpsocl/wp-content/plugins/tiled-gallery-carousel-without-jetpack/tiled-gallery.php on line 373
[31-Jan-2018 02:09:39 UTC] PHP Notice:  Array to string conversion in /var/www/html/PruebaUpsocl/wp-content/plugins/tiled-gallery-carousel-without-jetpack/tiled-gallery.php on line 373
[31-Jan-2018 02:09:39 UTC] PHP Notice:  Array to string conversion in /var/www/html/PruebaUpsocl/wp-content/plugins/tiled-gallery-carousel-without-jetpack/tiled-gallery.php on line 373
[31-Jan-2018 02:12:35 UTC] PHP Notice:  Undefined property: stdClass::$thumbnail_url in /var/www/html/PruebaUpsocl/wp-includes/theme.php on line 1132
[31-Jan-2018 02:12:38 UTC] PHP Notice:  Undefined property: stdClass::$thumbnail_url in /var/www/html/PruebaUpsocl/wp-includes/theme.php on line 1132
[31-Jan-2018 02:12:41 UTC] PHP Notice:  Undefined property: stdClass::$thumbnail_url in /var/www/html/PruebaUpsocl/wp-includes/theme.php on line 1132
[31-Jan-2018 02:12:42 UTC] PHP Notice:  Undefined property: stdClass::$thumbnail_url in /var/www/html/PruebaUpsocl/wp-includes/theme.php on line 1132
[31-Jan-2018 02:14:32 UTC] PHP Notice:  Array to string conversion in /var/www/html/PruebaUpsocl/wp-content/plugins/tiled-gallery-carousel-without-jetpack/tiled-gallery.php on line 373
[31-Jan-2018 02:14:32 UTC] PHP Notice:  Array to string conversion in /var/www/html/PruebaUpsocl/wp-content/plugins/tiled-gallery-carousel-without-jetpack/tiled-gallery.php on line 373
[31-Jan-2018 02:14:32 UTC] PHP Notice:  Array to string conversion in /var/www/html/PruebaUpsocl/wp-content/plugins/tiled-gallery-carousel-without-jetpack/tiled-gallery.php on line 373
[31-Jan-2018 02:14:32 UTC] PHP Notice:  Array to string conversion in /var/www/html/PruebaUpsocl/wp-content/plugins/tiled-gallery-carousel-without-jetpack/tiled-gallery.php on line 373
[31-Jan-2018 02:16:17 UTC] PHP Notice:  Array to string conversion in /var/www/html/PruebaUpsocl/wp-content/plugins/tiled-gallery-carousel-without-jetpack/tiled-gallery.php on line 373
[31-Jan-2018 02:16:18 UTC] PHP Notice:  Array to string conversion in /var/www/html/PruebaUpsocl/wp-content/plugins/tiled-gallery-carousel-without-jetpack/tiled-gallery.php on line 373
[31-Jan-2018 02:16:18 UTC] PHP Notice:  Array to string conversion in /var/www/html/PruebaUpsocl/wp-content/plugins/tiled-gallery-carousel-without-jetpack/tiled-gallery.php on line 373
[31-Jan-2018 02:16:18 UTC] PHP Notice:  Array to string conversion in /var/www/html/PruebaUpsocl/wp-content/plugins/tiled-gallery-carousel-without-jetpack/tiled-gallery.php on line 373
[31-Jan-2018 02:40:55 UTC] PHP Notice:  Undefined index: has_preview in /var/www/html/PruebaUpsocl/wp-content/plugins/so-widgets-bundle/base/siteorigin-widget.class.php on line 1324
